InnoDB: using atomic writes.
2021-03-25 14:52:30 0 [Note] InnoDB: Mutexes and rw_locks use Windows interlocked functions
2021-03-25 14:52:30 0 [Note] InnoDB: Uses event mutexes
2021-03-25 14:52:30 0 [Note] InnoDB: Compressed tables use zlib 1.2.11
2021-03-25 14:52:30 0 [Note] InnoDB: Number of pools: 1
2021-03-25 14:52:30 0 [Note] InnoDB: Using SSE2 crc32 instructions
2021-03-25 14:52:30 0 [Note] InnoDB: Initializing buffer pool, total size = 16M, instances = 1, chunk size = 16M
2021-03-25 14:52:30 0 [Note] InnoDB: Completed initialization of buffer pool
2021-03-25 14:52:30 0 [Note] InnoDB: Starting crash recovery from checkpoint LSN=300288
2021-03-25 14:52:30 0 [Note] InnoDB: 128 out of 128 rollback segments are active.
2021-03-25 14:52:30 0 [Note] InnoDB: Removed temporary tablespace data file: "ibtmp1"
2021-03-25 14:52:30 0 [Note] InnoDB: Creating shared tablespace for temporary tables
2021-03-25 14:52:30 0 [Note] InnoDB: Setting file 'C:\Users\Asher\.vscode\trailtracker\trailtracker\backendexpress\mysql server\mysql\data\ibtmp1' size to 12 MB. Physically writing the file full; Please wait ...
2021-03-25 14:52:30 0 [Note] InnoDB: File 'C:\Users\Asher\.vscode\trailtracker\trailtracker\backendexpress\mysql server\mysql\data\ibtmp1' size is now 12 MB.
2021-03-25 14:52:30 0 [Note] InnoDB: Waiting for purge to start
2021-03-25 14:52:30 0 [Note] InnoDB: 10.4.18 started; log sequence number 300297; transaction id 170
2021-03-25 14:52:30 0 [Note] InnoDB: Loading buffer pool(s) from C:\Users\Asher\.vscode\trailtracker\trailtracker\backendexpress\mysql server\mysql\data\ib_buffer_pool
2021-03-25 14:52:30 0 [Note] Plugin 'FEEDBACK' is disabled.
2021-03-25 14:52:30 0 [Note] InnoDB: Buffer pool(s) load completed at 210325 14:52:30
2021-03-25 14:52:30 0 [Note] Server socket created on IP: '::'.
2021-03-25 15:46:30 0 [Note] mysqld.exe: Aria engine: starting recovery
recovered pages: 0% 13% 56% 82% 94% 100% (0.0 seconds); tables to flush: 2 1 0
 (0.0 seconds); 
2021-03-25 15:46:30 0 [Note] mysqld.exe: Aria engine: recovery done
InnoDB: using atomic writes.
2021-03-25 15:46:30 0 [ERROR] InnoDB: The innodb_system data file 'ibdata1' must be writable
2021-03-25 15:46:30 0 [ERROR] InnoDB: The innodb_system data file 'ibdata1' must be writable
2021-03-25 15:46:30 0 [ERROR] Plugin 'InnoDB' init function returned error.
2021-03-25 15:46:30 0 [ERROR] Plugin 'InnoDB' registration as a STORAGE ENGINE failed.
2021-03-25 15:46:30 0 [Note] Plugin 'FEEDBACK' is disabled.
2021-03-25 15:46:30 0 [ERROR] Unknown/unsupported storage engine: InnoDB
2021-03-25 15:46:30 0 [ERROR] Aborting
InnoDB: using atomic writes.
2021-03-25 15:46:49 0 [Note] InnoDB: Mutexes and rw_locks use Windows interlocked functions
2021-03-25 15:46:49 0 [Note] InnoDB: Uses event mutexes
2021-03-25 15:46:49 0 [Note] InnoDB: Compressed tables use zlib 1.2.11
2021-03-25 15:46:49 0 [Note] InnoDB: Number of pools: 1
2021-03-25 15:46:49 0 [Note] InnoDB: Using SSE2 crc32 instructions
2021-03-25 15:46:49 0 [Note] InnoDB: Initializing buffer pool, total size = 16M, instances = 1, chunk size = 16M
2021-03-25 15:46:49 0 [Note] InnoDB: Completed initialization of buffer pool
2021-03-25 15:46:49 0 [Note] InnoDB: Starting crash recovery from checkpoint LSN=310510
2021-03-25 15:46:49 0 [Note] InnoDB: 128 out of 128 rollback segments are active.
2021-03-25 15:46:49 0 [Note] InnoDB: Removed temporary tablespace data file: "ibtmp1"
2021-03-25 15:46:49 0 [Note] InnoDB: Creating shared tablespace for temporary tables
2021-03-25 15:46:49 0 [Note] InnoDB: Setting file 'C:\Users\Asher\.vscode\trailtracker\trailtracker\backendexpress\mysql server\mysql\data\ibtmp1' size to 12 MB. Physically writing the file full; Please wait ...
2021-03-25 15:46:49 0 [Note] InnoDB: File 'C:\Users\Asher\.vscode\trailtracker\trailtracker\backendexpress\mysql server\mysql\data\ibtmp1' size is now 12 MB.
2021-03-25 15:46:49 0 [Note] InnoDB: Waiting for purge to start
2021-03-25 15:46:49 0 [Note] InnoDB: 10.4.18 started; log sequence number 310519; transaction id 206
2021-03-25 15:46:49 0 [Note] InnoDB: Loading buffer pool(s) from C:\Users\Asher\.vscode\trailtracker\trailtracker\backendexpress\mysql server\mysql\data\ib_buffer_pool
2021-03-25 15:46:49 0 [Note] Plugin 'FEEDBACK' is disabled.
2021-03-25 15:46:49 0 [Note] Server socket created on IP: '::'.
2021-03-25 15:46:49 0 [Note] InnoDB: Buffer pool(s) load completed at 210325 15:46:49
2021-03-25 15:46:49 0 [Note] Reading of all Master_info entries succeeded
2021-03-25 15:46:49 0 [Note] Added new Master_info '' to hash table
2021-03-25 15:46:50 0 [Note] mysql\bin\mysqld.exe: ready for connections.
Version: '10.4.18-MariaDB'  socket: ''  port: 3306  mariadb.org binary distribution
