[Thu Mar 25 14:52:15.903608 2021] [ssl:warn] [pid 21572:tid 672] AH01909: www.example.com:443:0 server certificate does NOT include an ID which matches the server name
[Thu Mar 25 14:52:16.047214 2021] [ssl:warn] [pid 21572:tid 672] AH01909: www.example.com:443:0 server certificate does NOT include an ID which matches the server name
[Thu Mar 25 14:52:16.198177 2021] [mpm_winnt:notice] [pid 21572:tid 672] AH00455: Apache/2.4.46 (Win64) OpenSSL/1.1.1j PHP/7.3.27 configured -- resuming normal operations
[Thu Mar 25 14:52:16.198177 2021] [mpm_winnt:notice] [pid 21572:tid 672] AH00456: Apache Lounge VC15 Server built: Feb 18 2021 10:09:17
[Thu Mar 25 14:52:16.198177 2021] [core:notice] [pid 21572:tid 672] AH00094: Command line: 'c:\\users\\asher\\.vscode\\trailtracker\\trailtracker\\backendexpress\\mysql server\\apache\\bin\\httpd.exe -d C:/Users/Asher/.vscode/trailtracker/trailtracker/backendexpress/mysql server/apache'
[Thu Mar 25 14:52:16.207153 2021] [mpm_winnt:notice] [pid 21572:tid 672] AH00418: Parent: Created child process 11404
[Thu Mar 25 14:52:17.174326 2021] [ssl:warn] [pid 11404:tid 752] AH01909: www.example.com:443:0 server certificate does NOT include an ID which matches the server name
[Thu Mar 25 14:52:17.270966 2021] [ssl:warn] [pid 11404:tid 752] AH01909: www.example.com:443:0 server certificate does NOT include an ID which matches the server name
[Thu Mar 25 14:52:17.349806 2021] [mpm_winnt:notice] [pid 11404:tid 752] AH00354: Child: Starting 150 worker threads.
[Thu Mar 25 15:46:50.138268 2021] [ssl:warn] [pid 16452:tid 628] AH01909: www.example.com:443:0 server certificate does NOT include an ID which matches the server name
[Thu Mar 25 15:46:50.181142 2021] [core:warn] [pid 16452:tid 628] AH00098: pid file C:/Users/Asher/.vscode/trailtracker/trailtracker/backendexpress/mysql server/apache/logs/httpd.pid overwritten -- Unclean shutdown of previous Apache run?
[Thu Mar 25 15:46:50.191116 2021] [ssl:warn] [pid 16452:tid 628] AH01909: www.example.com:443:0 server certificate does NOT include an ID which matches the server name
[Thu Mar 25 15:46:50.250992 2021] [mpm_winnt:notice] [pid 16452:tid 628] AH00455: Apache/2.4.46 (Win64) OpenSSL/1.1.1j PHP/7.3.27 configured -- resuming normal operations
[Thu Mar 25 15:46:50.250992 2021] [mpm_winnt:notice] [pid 16452:tid 628] AH00456: Apache Lounge VC15 Server built: Feb 18 2021 10:09:17
[Thu Mar 25 15:46:50.250992 2021] [core:notice] [pid 16452:tid 628] AH00094: Command line: 'apache\\bin\\httpd.exe -d C:/Users/Asher/.vscode/trailtracker/trailtracker/backendexpress/mysql server/apache -f conf\\httpd.conf'
[Thu Mar 25 15:46:50.253948 2021] [mpm_winnt:notice] [pid 16452:tid 628] AH00418: Parent: Created child process 22816
Apache server shutdown initiated...
sl:warn] [pid 22816:tid 660] AH01909: www.example.com:443:0 server certificate does NOT include an ID which matches the server name
[Thu Mar 25 15:46:50.708459 2021] [ssl:warn] [pid 22816:tid 660] AH01909: www.example.com:443:0 server certificate does NOT include an ID which matches the server name
[Thu Mar 25 15:46:50.734353 2021] [mpm_winnt:notice] [pid 22816:tid 660] AH00354: Child: Starting 150 worker threads.
[Thu Mar 25 15:47:02.249422 2021] [mpm_winnt:notice] [pid 16452:tid 628] AH00422: Parent: Received shutdown signal -- Shutting down the server.
[Thu Mar 25 15:47:04.252967 2021] [mpm_winnt:notice] [pid 22816:tid 660] AH00364: Child: All worker threads have exited.
[Thu Mar 25 15:47:04.310813 2021] [mpm_winnt:notice] [pid 16452:tid 628] AH00430: Parent: Child process 22816 exited successfully.
[Thu Mar 25 15:47:20.201934 2021] [ssl:warn] [pid 7556:tid 664] AH01909: www.example.com:443:0 server certificate does NOT include an ID which matches the server name
[Thu Mar 25 15:47:20.251796 2021] [ssl:warn] [pid 7556:tid 664] AH01909: www.example.com:443:0 server certificate does NOT include an ID which matches the server name
[Thu Mar 25 15:47:20.274734 2021] [mpm_winnt:notice] [pid 7556:tid 664] AH00455: Apache/2.4.46 (Win64) OpenSSL/1.1.1j PHP/7.3.27 configured -- resuming normal operations
[Thu Mar 25 15:47:20.274734 2021] [mpm_winnt:notice] [pid 7556:tid 664] AH00456: Apache Lounge VC15 Server built: Feb 18 2021 10:09:17
[Thu Mar 25 15:47:20.274734 2021] [core:notice] [pid 7556:tid 664] AH00094: Command line: 'c:\\users\\asher\\.vscode\\trailtracker\\trailtracker\\backendexpress\\mysql server\\apache\\bin\\httpd.exe -d C:/Users/Asher/.vscode/trailtracker/trailtracker/backendexpress/mysql server/apache'
[Thu Mar 25 15:47:20.278725 2021] [mpm_winnt:notice] [pid 7556:tid 664] AH00418: Parent: Created child process 21152
[Thu Mar 25 15:47:20.678135 2021] [ssl:warn] [pid 21152:tid 640] AH01909: www.example.com:443:0 server certificate does NOT include an ID which matches the server name
[Thu Mar 25 15:47:20.720665 2021] [ssl:warn] [pid 21152:tid 640] AH01909: www.example.com:443:0 server certificate does NOT include an ID which matches the server name
[Thu Mar 25 15:47:20.744635 2021] [mpm_winnt:notice] [pid 21152:tid 640] AH00354: Child: Starting 150 worker threads.
